
C-MINUS COMPILATION: ./tests/03_iter.cm

Syntax tree:
  Function Declaration: name = main, return type = void
    Void Parameter
    Compound Statement:
      Variable Declaration: name = x, type = int
      Variable Declaration: name = y, type = int
      While Statement:
        Const: 1
        Compound Statement:
          Assign:
            Variable: name = x
            Call: function name = input
          Assign:
            Variable: name = y
            Call: function name = input
          Call: function name = output
            Op: +
              Variable: name = x
              Variable: name = y
